# JRE version: OpenJDK Runtime Environment (8.0_342-b07) (build 1.8.0_342-b07)
# Java VM: OpenJDK 64-Bit Server VM (25.342-b07 mixed mode bsd-amd64 compressed oops)
Heap:
 PSYoungGen      total 215552K, used 31589K [0x000000076ab00000, 0x000000077c000000, 0x00000007c0000000)
  eden space 204800K, 15% used [0x000000076ab00000,0x000000076c9d94b0,0x0000000777300000)
  from space 10752K, 0% used [0x000000077b580000,0x000000077b580000,0x000000077c000000)
  to   space 10752K, 0% used [0x000000077ab00000,0x000000077ab00000,0x000000077b580000)
 ParOldGen       total 142848K, used 19730K [0x00000006c0000000, 0x00000006c8b80000, 0x000000076ab00000)
  object space 142848K, 13% used [0x00000006c0000000,0x00000006c1344b60,0x00000006c8b80000)
 Metaspace       used 35501K, capacity 37812K, committed 38016K, reserved 1083392K
  class space    used 4466K, capacity 4905K, committed 4992K, reserved 1048576K
GC Heap History (10 events):
Event: 0.825 GC heap before
{Heap before GC invocations=2 (full 0):
 PSYoungGen      total 76288K, used 75795K [0x000000076ab00000, 0x0000000774000000, 0x00000007c0000000)
  eden space 65536K, 100% used [0x000000076ab00000,0x000000076eb00000,0x000000076eb00000)
  from space 10752K, 95% used [0x000000076eb00000,0x000000076f504e08,0x000000076f580000)
  to   space 10752K, 0% used [0x0000000773580000,0x0000000773580000,0x0000000774000000)
 ParOldGen       total 175104K, used 16K [0x00000006c0000000, 0x00000006cab00000, 0x000000076ab00000)
  object space 175104K, 0% used [0x00000006c0000000,0x00000006c0004000,0x00000006cab00000)
 Metaspace       used 19502K, capacity 20554K, committed 20736K, reserved 1067008K
  class space    used 2584K, capacity 2815K, committed 2816K, reserved 1048576K
Event: 0.831 GC heap after
Heap after GC invocations=2 (full 0):
 PSYoungGen      total 141824K, used 10736K [0x000000076ab00000, 0x0000000774000000, 0x00000007c0000000)
  eden space 131072K, 0% used [0x000000076ab00000,0x000000076ab00000,0x0000000772b00000)
  from space 10752K, 99% used [0x0000000773580000,0x0000000773ffc2b8,0x0000000774000000)
  to   space 10752K, 0% used [0x0000000772b00000,0x0000000772b00000,0x0000000773580000)
 ParOldGen       total 175104K, used 580K [0x00000006c0000000, 0x00000006cab00000, 0x000000076ab00000)
  object space 175104K, 0% used [0x00000006c0000000,0x00000006c0091248,0x00000006cab00000)
 Metaspace       used 19502K, capacity 20554K, committed 20736K, reserved 1067008K
  class space    used 2584K, capacity 2815K, committed 2816K, reserved 1048576K
}
Event: 0.876 GC heap before
{Heap before GC invocations=3 (full 0):
 PSYoungGen      total 141824K, used 19218K [0x000000076ab00000, 0x0000000774000000, 0x00000007c0000000)
  eden space 131072K, 6% used [0x000000076ab00000,0x000000076b348648,0x0000000772b00000)
  from space 10752K, 99% used [0x0000000773580000,0x0000000773ffc2b8,0x0000000774000000)
  to   space 10752K, 0% used [0x0000000772b00000,0x0000000772b00000,0x0000000773580000)
 ParOldGen       total 175104K, used 580K [0x00000006c0000000, 0x00000006cab00000, 0x000000076ab00000)
  object space 175104K, 0% used [0x00000006c0000000,0x00000006c0091248,0x00000006cab00000)
 Metaspace       used 20157K, capacity 21270K, committed 21296K, reserved 1067008K
  class space    used 2688K, capacity 2931K, committed 2944K, reserved 1048576K
Event: 0.880 GC heap after
Heap after GC invocations=3 (full 0):
 PSYoungGen      total 141824K, used 6773K [0x000000076ab00000, 0x000000077c000000, 0x00000007c0000000)
  eden space 131072K, 0% used [0x000000076ab00000,0x000000076ab00000,0x0000000772b00000)
  from space 10752K, 63% used [0x0000000772b00000,0x000000077319d718,0x0000000773580000)
  to   space 10752K, 0% used [0x000000077b580000,0x000000077b580000,0x000000077c000000)
 ParOldGen       total 175104K, used 588K [0x00000006c0000000, 0x00000006cab00000, 0x000000076ab00000)
  object space 175104K, 0% used [0x00000006c0000000,0x00000006c0093248,0x00000006cab00000)
 Metaspace       used 20157K, capacity 21270K, committed 21296K, reserved 1067008K
  class space    used 2688K, capacity 2931K, committed 2944K, reserved 1048576K
}
Event: 0.880 GC heap before
{Heap before GC invocations=4 (full 1):
 PSYoungGen      total 141824K, used 6773K [0x000000076ab00000, 0x000000077c000000, 0x00000007c0000000)
  eden space 131072K, 0% used [0x000000076ab00000,0x000000076ab00000,0x0000000772b00000)
  from space 10752K, 63% used [0x0000000772b00000,0x000000077319d718,0x0000000773580000)
  to   space 10752K, 0% used [0x000000077b580000,0x000000077b580000,0x000000077c000000)
 ParOldGen       total 175104K, used 588K [0x00000006c0000000, 0x00000006cab00000, 0x000000076ab00000)
  object space 175104K, 0% used [0x00000006c0000000,0x00000006c0093248,0x00000006cab00000)
 Metaspace       used 20157K, capacity 21270K, committed 21296K, reserved 1067008K
  class space    used 2688K, capacity 2931K, committed 2944K, reserved 1048576K
Event: 0.899 GC heap after
Heap after GC invocations=4 (full 1):
 PSYoungGen      total 141824K, used 0K [0x000000076ab00000, 0x000000077c000000, 0x00000007c0000000)
  eden space 131072K, 0% used [0x000000076ab00000,0x000000076ab00000,0x0000000772b00000)
  from space 10752K, 0% used [0x0000000772b00000,0x0000000772b00000,0x0000000773580000)
  to   space 10752K, 0% used [0x000000077b580000,0x000000077b580000,0x000000077c000000)
 ParOldGen       total 97792K, used 6591K [0x00000006c0000000, 0x00000006c5f80000, 0x000000076ab00000)
  object space 97792K, 6% used [0x00000006c0000000,0x00000006c066fd38,0x00000006c5f80000)
 Metaspace       used 20157K, capacity 21270K, committed 21296K, reserved 1067008K
  class space    used 2688K, capacity 2931K, committed 2944K, reserved 1048576K
}
Event: 16.057 GC heap before
{Heap before GC invocations=5 (full 1):
 PSYoungGen      total 141824K, used 107411K [0x000000076ab00000, 0x000000077c000000, 0x00000007c0000000)
  eden space 131072K, 81% used [0x000000076ab00000,0x00000007713e4da8,0x0000000772b00000)
  from space 10752K, 0% used [0x0000000772b00000,0x0000000772b00000,0x0000000773580000)
  to   space 10752K, 0% used [0x000000077b580000,0x000000077b580000,0x000000077c000000)
 ParOldGen       total 97792K, used 6591K [0x00000006c0000000, 0x00000006c5f80000, 0x000000076ab00000)
  object space 97792K, 6% used [0x00000006c0000000,0x00000006c066fd38,0x00000006c5f80000)
 Metaspace       used 33071K, capacity 35370K, committed 35456K, reserved 1079296K
  class space    used 4253K, capacity 4711K, committed 4736K, reserved 1048576K
Event: 16.066 GC heap after
Heap after GC invocations=5 (full 1):
 PSYoungGen      total 215552K, used 10736K [0x000000076ab00000, 0x000000077c000000, 0x00000007c0000000)
  eden space 204800K, 0% used [0x000000076ab00000,0x000000076ab00000,0x0000000777300000)
  from space 10752K, 99% used [0x000000077b580000,0x000000077bffc240,0x000000077c000000)
  to   space 10752K, 0% used [0x000000077ab00000,0x000000077ab00000,0x000000077b580000)
 ParOldGen       total 97792K, used 11195K [0x00000006c0000000, 0x00000006c5f80000, 0x000000076ab00000)
  object space 97792K, 11% used [0x00000006c0000000,0x00000006c0aeec10,0x00000006c5f80000)
 Metaspace       used 33071K, capacity 35370K, committed 35456K, reserved 1079296K
  class space    used 4253K, capacity 4711K, committed 4736K, reserved 1048576K
}
Event: 16.066 GC heap before
{Heap before GC invocations=6 (full 2):
 PSYoungGen      total 215552K, used 10736K [0x000000076ab00000, 0x000000077c000000, 0x00000007c0000000)
  eden space 204800K, 0% used [0x000000076ab00000,0x000000076ab00000,0x0000000777300000)
  from space 10752K, 99% used [0x000000077b580000,0x000000077bffc240,0x000000077c000000)
  to   space 10752K, 0% used [0x000000077ab00000,0x000000077ab00000,0x000000077b580000)
 ParOldGen       total 97792K, used 11195K [0x00000006c0000000, 0x00000006c5f80000, 0x000000076ab00000)
  object space 97792K, 11% used [0x00000006c0000000,0x00000006c0aeec10,0x00000006c5f80000)
 Metaspace       used 33071K, capacity 35370K, committed 35456K, reserved 1079296K
  class space    used 4253K, capacity 4711K, committed 4736K, reserved 1048576K
Event: 16.123 GC heap after
Heap after GC invocations=6 (full 2):
 PSYoungGen      total 215552K, used 0K [0x000000076ab00000, 0x000000077c000000, 0x00000007c0000000)
  eden space 204800K, 0% used [0x000000076ab00000,0x000000076ab00000,0x0000000777300000)
  from space 10752K, 0% used [0x000000077b580000,0x000000077b580000,0x000000077c000000)
  to   space 10752K, 0% used [0x000000077ab00000,0x000000077ab00000,0x000000077b580000)
 ParOldGen       total 142848K, used 19730K [0x00000006c0000000, 0x00000006c8b80000, 0x000000076ab00000)
  object space 142848K, 13% used [0x00000006c0000000,0x00000006c1344b60,0x00000006c8b80000)
 Metaspace       used 33071K, capacity 35370K, committed 35456K, reserved 1079296K
  class space    used 4253K, capacity 4711K, committed 4736K, reserved 1048576K
}

